Started GET "/" for ::1 at 2019-10-31 15:48:42 -0500
  [1m[35m (1.1ms)[0m  [1m[34mSELECT sqlite_version(*)[0m
Processing by Rails::WelcomeController#index as HTML
  Rendering /home/srlane/.rbenv/versions/2.6.3/lib/ruby/gems/2.6.0/gems/railties-6.0.0/lib/rails/templates/rails/welcome/index.html.erb
  Rendered /home/srlane/.rbenv/versions/2.6.3/lib/ruby/gems/2.6.0/gems/railties-6.0.0/lib/rails/templates/rails/welcome/index.html.erb (Duration: 5.6ms | Allocations: 486)
Completed 200 OK in 13ms (Views: 7.5ms | ActiveRecord: 0.0ms | Allocations: 2854)


Started GET "/" for ::1 at 2019-10-31 16:33:03 -0500
  [1m[35m (0.5ms)[0m  [1m[34mSELECT sqlite_version(*)[0m
Processing by PagesController#home as HTML
  Rendering pages/home.html.erb within layouts/application
  Rendered pages/home.html.erb within layouts/application (Duration: 272.7ms | Allocations: 196428)
Completed 500 Internal Server Error in 280ms (ActiveRecord: 0.0ms | Allocations: 198325)


  
ActionView::Template::Error (undefined local variable or method `signup_path' for #<#<Class:0x00005616c7582b70>:0x00005616c759f8d8>):
    1: <div class="center jumbotron">
    2: <h1>Alpha Blog</h1>
    3: <%= link_to "Sign up now", signup_path, class: "btn btn-primary btn-large btn-xlarge" %>
    4: </div>
  
app/views/pages/home.html.erb:3
Started GET "/" for ::1 at 2019-10-31 16:33:31 -0500
Processing by PagesController#home as HTML
  Rendering pages/home.html.erb within layouts/application
  Rendered pages/home.html.erb within layouts/application (Duration: 0.2ms | Allocations: 80)
Completed 200 OK in 618ms (Views: 617.4ms | ActiveRecord: 0.0ms | Allocations: 1261133)


Started GET "/login" for ::1 at 2019-10-31 16:33:38 -0500
Processing by SessionsController#new as HTML
  Rendering sessions/new.html.erb within layouts/application
  Rendered sessions/new.html.erb within layouts/application (Duration: 17.9ms | Allocations: 5136)
Completed 200 OK in 22ms (Views: 21.3ms | ActiveRecord: 0.0ms | Allocations: 9616)


Started GET "/login" for ::1 at 2019-10-31 16:35:15 -0500
  [1m[35m (0.3ms)[0m  [1m[34mSELECT sqlite_version(*)[0m
Processing by SessionsController#new as HTML
  Rendering sessions/new.html.erb within layouts/application
  Rendered sessions/new.html.erb within layouts/application (Duration: 2.3ms | Allocations: 2683)
Completed 200 OK in 1349ms (Views: 1344.6ms | ActiveRecord: 0.0ms | Allocations: 1321496)


Started GET "/" for ::1 at 2019-10-31 16:36:08 -0500
  [1m[35m (0.2ms)[0m  [1m[34mSELECT sqlite_version(*)[0m
Processing by PagesController#home as HTML
  Rendering pages/home.html.erb within layouts/application
  Rendered pages/home.html.erb within layouts/application (Duration: 0.3ms | Allocations: 206)
Completed 200 OK in 525ms (Views: 519.9ms | ActiveRecord: 0.0ms | Allocations: 1274231)


Started GET "/login" for ::1 at 2019-10-31 16:36:13 -0500
Processing by SessionsController#new as HTML
  Rendering sessions/new.html.erb within layouts/application
  Rendered sessions/new.html.erb within layouts/application (Duration: 3.0ms | Allocations: 2343)
Completed 200 OK in 13ms (Views: 11.3ms | ActiveRecord: 0.0ms | Allocations: 13106)


Started GET "/login" for ::1 at 2019-10-31 16:38:33 -0500
Processing by SessionsController#new as HTML
  Rendering sessions/new.html.erb within layouts/application
  Rendered sessions/new.html.erb within layouts/application (Duration: 0.2ms | Allocations: 83)
Completed 200 OK in 7ms (Views: 6.2ms | ActiveRecord: 0.0ms | Allocations: 11237)


Started GET "/login" for ::1 at 2019-10-31 16:40:28 -0500
  [1m[35m (0.0ms)[0m  [1m[34mSELECT sqlite_version(*)[0m
Processing by SessionsController#new as HTML
  Rendering sessions/new.html.erb within layouts/application
  Rendered sessions/new.html.erb within layouts/application (Duration: 0.1ms | Allocations: 87)
Completed 200 OK in 6ms (Views: 5.9ms | ActiveRecord: 0.0ms | Allocations: 11213)


Started GET "/" for ::1 at 2019-10-31 16:40:40 -0500
  
ActionController::RoutingError (uninitialized constant ChatroomController):
  
activesupport (6.0.0) lib/active_support/inflector/methods.rb:282:in `const_get'
activesupport (6.0.0) lib/active_support/inflector/methods.rb:282:in `block in constantize'
activesupport (6.0.0) lib/active_support/inflector/methods.rb:280:in `each'
activesupport (6.0.0) lib/active_support/inflector/methods.rb:280:in `inject'
activesupport (6.0.0) lib/active_support/inflector/methods.rb:280:in `constantize'
activesupport (6.0.0) lib/active_support/dependencies/zeitwerk_integration.rb:19:in `constantize'
actionpack (6.0.0) lib/action_dispatch/http/request.rb:88:in `controller_class_for'
actionpack (6.0.0) lib/action_dispatch/http/request.rb:81:in `controller_class'
actionpack (6.0.0) lib/action_dispatch/routing/route_set.rb:45:in `controller'
actionpack (6.0.0) lib/action_dispatch/routing/route_set.rb:31:in `serve'
actionpack (6.0.0) lib/action_dispatch/journey/router.rb:49:in `block in serve'
actionpack (6.0.0) lib/action_dispatch/journey/router.rb:32:in `each'
actionpack (6.0.0) lib/action_dispatch/journey/router.rb:32:in `serve'
actionpack (6.0.0) lib/action_dispatch/routing/route_set.rb:837:in `call'
rack (2.0.7) lib/rack/tempfile_reaper.rb:15:in `call'
rack (2.0.7) lib/rack/etag.rb:25:in `call'
rack (2.0.7) lib/rack/conditional_get.rb:25:in `call'
rack (2.0.7) lib/rack/head.rb:12:in `call'
actionpack (6.0.0) lib/action_dispatch/http/content_security_policy.rb:18:in `call'
rack (2.0.7) lib/rack/session/abstract/id.rb:232:in `context'
rack (2.0.7) lib/rack/session/abstract/id.rb:226:in `call'
actionpack (6.0.0) lib/action_dispatch/middleware/cookies.rb:648:in `call'
activerecord (6.0.0) lib/active_record/migration.rb:567:in `call'
actionpack (6.0.0) lib/action_dispatch/middleware/callbacks.rb:27:in `block in call'
activesupport (6.0.0) lib/active_support/callbacks.rb:101:in `run_callbacks'
actionpack (6.0.0) lib/action_dispatch/middleware/callbacks.rb:26:in `call'
actionpack (6.0.0) lib/action_dispatch/middleware/executor.rb:14:in `call'
actionpack (6.0.0) lib/action_dispatch/middleware/actionable_exceptions.rb:17:in `call'
actionpack (6.0.0) lib/action_dispatch/middleware/debug_exceptions.rb:32:in `call'
web-console (4.0.1) lib/web_console/middleware.rb:132:in `call_app'
web-console (4.0.1) lib/web_console/middleware.rb:28:in `block in call'
web-console (4.0.1) lib/web_console/middleware.rb:17:in `catch'
web-console (4.0.1) lib/web_console/middleware.rb:17:in `call'
actionpack (6.0.0) lib/action_dispatch/middleware/show_exceptions.rb:33:in `call'
railties (6.0.0) lib/rails/rack/logger.rb:38:in `call_app'
railties (6.0.0) lib/rails/rack/logger.rb:26:in `block in call'
activesupport (6.0.0) lib/active_support/tagged_logging.rb:80:in `block in tagged'
activesupport (6.0.0) lib/active_support/tagged_logging.rb:28:in `tagged'
activesupport (6.0.0) lib/active_support/tagged_logging.rb:80:in `tagged'
railties (6.0.0) lib/rails/rack/logger.rb:26:in `call'
sprockets-rails (3.2.1) lib/sprockets/rails/quiet_assets.rb:13:in `call'
actionpack (6.0.0) lib/action_dispatch/middleware/remote_ip.rb:81:in `call'
actionpack (6.0.0) lib/action_dispatch/middleware/request_id.rb:27:in `call'
rack (2.0.7) lib/rack/method_override.rb:22:in `call'
rack (2.0.7) lib/rack/runtime.rb:22:in `call'
activesupport (6.0.0) lib/active_support/cache/strategy/local_cache_middleware.rb:29:in `call'
actionpack (6.0.0) lib/action_dispatch/middleware/executor.rb:14:in `call'
actionpack (6.0.0) lib/action_dispatch/middleware/static.rb:126:in `call'
rack (2.0.7) lib/rack/sendfile.rb:111:in `call'
actionpack (6.0.0) lib/action_dispatch/middleware/host_authorization.rb:83:in `call'
webpacker (4.0.7) lib/webpacker/dev_server_proxy.rb:29:in `perform_request'
rack-proxy (0.6.5) lib/rack/proxy.rb:57:in `call'
railties (6.0.0) lib/rails/engine.rb:526:in `call'
puma (3.12.1) lib/puma/configuration.rb:227:in `call'
puma (3.12.1) lib/puma/server.rb:660:in `handle_request'
puma (3.12.1) lib/puma/server.rb:474:in `process_client'
puma (3.12.1) lib/puma/server.rb:334:in `block in run'
puma (3.12.1) lib/puma/thread_pool.rb:135:in `block in spawn_thread'
Started GET "/" for ::1 at 2019-10-31 16:41:02 -0500
  [1m[35m (0.3ms)[0m  [1m[34mSELECT sqlite_version(*)[0m
  
ActionController::RoutingError (uninitialized constant ChatroomController):
  
activesupport (6.0.0) lib/active_support/inflector/methods.rb:282:in `const_get'
activesupport (6.0.0) lib/active_support/inflector/methods.rb:282:in `block in constantize'
activesupport (6.0.0) lib/active_support/inflector/methods.rb:280:in `each'
activesupport (6.0.0) lib/active_support/inflector/methods.rb:280:in `inject'
activesupport (6.0.0) lib/active_support/inflector/methods.rb:280:in `constantize'
activesupport (6.0.0) lib/active_support/dependencies/zeitwerk_integration.rb:19:in `constantize'
actionpack (6.0.0) lib/action_dispatch/http/request.rb:88:in `controller_class_for'
actionpack (6.0.0) lib/action_dispatch/http/request.rb:81:in `controller_class'
actionpack (6.0.0) lib/action_dispatch/routing/route_set.rb:45:in `controller'
actionpack (6.0.0) lib/action_dispatch/routing/route_set.rb:31:in `serve'
actionpack (6.0.0) lib/action_dispatch/journey/router.rb:49:in `block in serve'
actionpack (6.0.0) lib/action_dispatch/journey/router.rb:32:in `each'
actionpack (6.0.0) lib/action_dispatch/journey/router.rb:32:in `serve'
actionpack (6.0.0) lib/action_dispatch/routing/route_set.rb:837:in `call'
rack (2.0.7) lib/rack/tempfile_reaper.rb:15:in `call'
rack (2.0.7) lib/rack/etag.rb:25:in `call'
rack (2.0.7) lib/rack/conditional_get.rb:25:in `call'
rack (2.0.7) lib/rack/head.rb:12:in `call'
actionpack (6.0.0) lib/action_dispatch/http/content_security_policy.rb:18:in `call'
rack (2.0.7) lib/rack/session/abstract/id.rb:232:in `context'
rack (2.0.7) lib/rack/session/abstract/id.rb:226:in `call'
actionpack (6.0.0) lib/action_dispatch/middleware/cookies.rb:648:in `call'
activerecord (6.0.0) lib/active_record/migration.rb:567:in `call'
actionpack (6.0.0) lib/action_dispatch/middleware/callbacks.rb:27:in `block in call'
activesupport (6.0.0) lib/active_support/callbacks.rb:101:in `run_callbacks'
actionpack (6.0.0) lib/action_dispatch/middleware/callbacks.rb:26:in `call'
actionpack (6.0.0) lib/action_dispatch/middleware/executor.rb:14:in `call'
actionpack (6.0.0) lib/action_dispatch/middleware/actionable_exceptions.rb:17:in `call'
actionpack (6.0.0) lib/action_dispatch/middleware/debug_exceptions.rb:32:in `call'
web-console (4.0.1) lib/web_console/middleware.rb:132:in `call_app'
web-console (4.0.1) lib/web_console/middleware.rb:28:in `block in call'
web-console (4.0.1) lib/web_console/middleware.rb:17:in `catch'
web-console (4.0.1) lib/web_console/middleware.rb:17:in `call'
actionpack (6.0.0) lib/action_dispatch/middleware/show_exceptions.rb:33:in `call'
railties (6.0.0) lib/rails/rack/logger.rb:38:in `call_app'
railties (6.0.0) lib/rails/rack/logger.rb:26:in `block in call'
activesupport (6.0.0) lib/active_support/tagged_logging.rb:80:in `block in tagged'
activesupport (6.0.0) lib/active_support/tagged_logging.rb:28:in `tagged'
activesupport (6.0.0) lib/active_support/tagged_logging.rb:80:in `tagged'
railties (6.0.0) lib/rails/rack/logger.rb:26:in `call'
sprockets-rails (3.2.1) lib/sprockets/rails/quiet_assets.rb:13:in `call'
actionpack (6.0.0) lib/action_dispatch/middleware/remote_ip.rb:81:in `call'
actionpack (6.0.0) lib/action_dispatch/middleware/request_id.rb:27:in `call'
rack (2.0.7) lib/rack/method_override.rb:22:in `call'
rack (2.0.7) lib/rack/runtime.rb:22:in `call'
activesupport (6.0.0) lib/active_support/cache/strategy/local_cache_middleware.rb:29:in `call'
actionpack (6.0.0) lib/action_dispatch/middleware/executor.rb:14:in `call'
actionpack (6.0.0) lib/action_dispatch/middleware/static.rb:126:in `call'
rack (2.0.7) lib/rack/sendfile.rb:111:in `call'
actionpack (6.0.0) lib/action_dispatch/middleware/host_authorization.rb:83:in `call'
webpacker (4.0.7) lib/webpacker/dev_server_proxy.rb:29:in `perform_request'
rack-proxy (0.6.5) lib/rack/proxy.rb:57:in `call'
railties (6.0.0) lib/rails/engine.rb:526:in `call'
puma (3.12.1) lib/puma/configuration.rb:227:in `call'
puma (3.12.1) lib/puma/server.rb:660:in `handle_request'
puma (3.12.1) lib/puma/server.rb:474:in `process_client'
puma (3.12.1) lib/puma/server.rb:334:in `block in run'
puma (3.12.1) lib/puma/thread_pool.rb:135:in `block in spawn_thread'
Started GET "/" for ::1 at 2019-10-31 16:41:21 -0500
  [1m[35m (0.2ms)[0m  [1m[34mSELECT sqlite_version(*)[0m
  
ActionController::RoutingError (uninitialized constant ChatroomController):
  
activesupport (6.0.0) lib/active_support/inflector/methods.rb:282:in `const_get'
activesupport (6.0.0) lib/active_support/inflector/methods.rb:282:in `block in constantize'
activesupport (6.0.0) lib/active_support/inflector/methods.rb:280:in `each'
activesupport (6.0.0) lib/active_support/inflector/methods.rb:280:in `inject'
activesupport (6.0.0) lib/active_support/inflector/methods.rb:280:in `constantize'
activesupport (6.0.0) lib/active_support/dependencies/zeitwerk_integration.rb:19:in `constantize'
actionpack (6.0.0) lib/action_dispatch/http/request.rb:88:in `controller_class_for'
actionpack (6.0.0) lib/action_dispatch/http/request.rb:81:in `controller_class'
actionpack (6.0.0) lib/action_dispatch/routing/route_set.rb:45:in `controller'
actionpack (6.0.0) lib/action_dispatch/routing/route_set.rb:31:in `serve'
actionpack (6.0.0) lib/action_dispatch/journey/router.rb:49:in `block in serve'
actionpack (6.0.0) lib/action_dispatch/journey/router.rb:32:in `each'
actionpack (6.0.0) lib/action_dispatch/journey/router.rb:32:in `serve'
actionpack (6.0.0) lib/action_dispatch/routing/route_set.rb:837:in `call'
rack (2.0.7) lib/rack/tempfile_reaper.rb:15:in `call'
rack (2.0.7) lib/rack/etag.rb:25:in `call'
rack (2.0.7) lib/rack/conditional_get.rb:25:in `call'
rack (2.0.7) lib/rack/head.rb:12:in `call'
actionpack (6.0.0) lib/action_dispatch/http/content_security_policy.rb:18:in `call'
rack (2.0.7) lib/rack/session/abstract/id.rb:232:in `context'
rack (2.0.7) lib/rack/session/abstract/id.rb:226:in `call'
actionpack (6.0.0) lib/action_dispatch/middleware/cookies.rb:648:in `call'
activerecord (6.0.0) lib/active_record/migration.rb:567:in `call'
actionpack (6.0.0) lib/action_dispatch/middleware/callbacks.rb:27:in `block in call'
activesupport (6.0.0) lib/active_support/callbacks.rb:101:in `run_callbacks'
actionpack (6.0.0) lib/action_dispatch/middleware/callbacks.rb:26:in `call'
actionpack (6.0.0) lib/action_dispatch/middleware/executor.rb:14:in `call'
actionpack (6.0.0) lib/action_dispatch/middleware/actionable_exceptions.rb:17:in `call'
actionpack (6.0.0) lib/action_dispatch/middleware/debug_exceptions.rb:32:in `call'
web-console (4.0.1) lib/web_console/middleware.rb:132:in `call_app'
web-console (4.0.1) lib/web_console/middleware.rb:28:in `block in call'
web-console (4.0.1) lib/web_console/middleware.rb:17:in `catch'
web-console (4.0.1) lib/web_console/middleware.rb:17:in `call'
actionpack (6.0.0) lib/action_dispatch/middleware/show_exceptions.rb:33:in `call'
railties (6.0.0) lib/rails/rack/logger.rb:38:in `call_app'
railties (6.0.0) lib/rails/rack/logger.rb:26:in `block in call'
activesupport (6.0.0) lib/active_support/tagged_logging.rb:80:in `block in tagged'
activesupport (6.0.0) lib/active_support/tagged_logging.rb:28:in `tagged'
activesupport (6.0.0) lib/active_support/tagged_logging.rb:80:in `tagged'
railties (6.0.0) lib/rails/rack/logger.rb:26:in `call'
sprockets-rails (3.2.1) lib/sprockets/rails/quiet_assets.rb:13:in `call'
actionpack (6.0.0) lib/action_dispatch/middleware/remote_ip.rb:81:in `call'
actionpack (6.0.0) lib/action_dispatch/middleware/request_id.rb:27:in `call'
rack (2.0.7) lib/rack/method_override.rb:22:in `call'
rack (2.0.7) lib/rack/runtime.rb:22:in `call'
activesupport (6.0.0) lib/active_support/cache/strategy/local_cache_middleware.rb:29:in `call'
actionpack (6.0.0) lib/action_dispatch/middleware/executor.rb:14:in `call'
actionpack (6.0.0) lib/action_dispatch/middleware/static.rb:126:in `call'
rack (2.0.7) lib/rack/sendfile.rb:111:in `call'
actionpack (6.0.0) lib/action_dispatch/middleware/host_authorization.rb:83:in `call'
webpacker (4.0.7) lib/webpacker/dev_server_proxy.rb:29:in `perform_request'
rack-proxy (0.6.5) lib/rack/proxy.rb:57:in `call'
railties (6.0.0) lib/rails/engine.rb:526:in `call'
puma (3.12.1) lib/puma/configuration.rb:227:in `call'
puma (3.12.1) lib/puma/server.rb:660:in `handle_request'
puma (3.12.1) lib/puma/server.rb:474:in `process_client'
puma (3.12.1) lib/puma/server.rb:334:in `block in run'
puma (3.12.1) lib/puma/thread_pool.rb:135:in `block in spawn_thread'
Started GET "/" for ::1 at 2019-10-31 16:45:57 -0500
  [1m[35m (0.2ms)[0m  [1m[34mSELECT sqlite_version(*)[0m
Processing by ChatroomController#index as HTML
Completed 406 Not Acceptable in 5ms (ActiveRecord: 0.0ms | Allocations: 2211)


  
ActionController::MissingExactTemplate (ChatroomController#index is missing a template for request formats: text/html):
  
actionpack (6.0.0) lib/action_controller/metal/implicit_render.rb:45:in `default_render'
actionpack (6.0.0) lib/action_controller/metal/basic_implicit_render.rb:6:in `block in send_action'
actionpack (6.0.0) lib/action_controller/metal/basic_implicit_render.rb:6:in `tap'
actionpack (6.0.0) lib/action_controller/metal/basic_implicit_render.rb:6:in `send_action'
actionpack (6.0.0) lib/abstract_controller/base.rb:196:in `process_action'
actionpack (6.0.0) lib/action_controller/metal/rendering.rb:30:in `process_action'
actionpack (6.0.0) lib/abstract_controller/callbacks.rb:42:in `block in process_action'
activesupport (6.0.0) lib/active_support/callbacks.rb:135:in `run_callbacks'
actionpack (6.0.0) lib/abstract_controller/callbacks.rb:41:in `process_action'
actionpack (6.0.0) lib/action_controller/metal/rescue.rb:22:in `process_action'
actionpack (6.0.0) lib/action_controller/metal/instrumentation.rb:33:in `block in process_action'
activesupport (6.0.0) lib/active_support/notifications.rb:180:in `block in instrument'
activesupport (6.0.0) lib/active_support/notifications/instrumenter.rb:24:in `instrument'
activesupport (6.0.0) lib/active_support/notifications.rb:180:in `instrument'
actionpack (6.0.0) lib/action_controller/metal/instrumentation.rb:32:in `process_action'
actionpack (6.0.0) lib/action_controller/metal/params_wrapper.rb:245:in `process_action'
activerecord (6.0.0) lib/active_record/railties/controller_runtime.rb:27:in `process_action'
actionpack (6.0.0) lib/abstract_controller/base.rb:136:in `process'
actionview (6.0.0) lib/action_view/rendering.rb:39:in `process'
actionpack (6.0.0) lib/action_controller/metal.rb:191:in `dispatch'
actionpack (6.0.0) lib/action_controller/metal.rb:252:in `dispatch'
actionpack (6.0.0) lib/action_dispatch/routing/route_set.rb:51:in `dispatch'
actionpack (6.0.0) lib/action_dispatch/routing/route_set.rb:33:in `serve'
actionpack (6.0.0) lib/action_dispatch/journey/router.rb:49:in `block in serve'
actionpack (6.0.0) lib/action_dispatch/journey/router.rb:32:in `each'
actionpack (6.0.0) lib/action_dispatch/journey/router.rb:32:in `serve'
actionpack (6.0.0) lib/action_dispatch/routing/route_set.rb:837:in `call'
rack (2.0.7) lib/rack/tempfile_reaper.rb:15:in `call'
rack (2.0.7) lib/rack/etag.rb:25:in `call'
rack (2.0.7) lib/rack/conditional_get.rb:25:in `call'
rack (2.0.7) lib/rack/head.rb:12:in `call'
actionpack (6.0.0) lib/action_dispatch/http/content_security_policy.rb:18:in `call'
rack (2.0.7) lib/rack/session/abstract/id.rb:232:in `context'
rack (2.0.7) lib/rack/session/abstract/id.rb:226:in `call'
actionpack (6.0.0) lib/action_dispatch/middleware/cookies.rb:648:in `call'
activerecord (6.0.0) lib/active_record/migration.rb:567:in `call'
actionpack (6.0.0) lib/action_dispatch/middleware/callbacks.rb:27:in `block in call'
activesupport (6.0.0) lib/active_support/callbacks.rb:101:in `run_callbacks'
actionpack (6.0.0) lib/action_dispatch/middleware/callbacks.rb:26:in `call'
actionpack (6.0.0) lib/action_dispatch/middleware/executor.rb:14:in `call'
actionpack (6.0.0) lib/action_dispatch/middleware/actionable_exceptions.rb:17:in `call'
actionpack (6.0.0) lib/action_dispatch/middleware/debug_exceptions.rb:32:in `call'
web-console (4.0.1) lib/web_console/middleware.rb:132:in `call_app'
web-console (4.0.1) lib/web_console/middleware.rb:28:in `block in call'
web-console (4.0.1) lib/web_console/middleware.rb:17:in `catch'
web-console (4.0.1) lib/web_console/middleware.rb:17:in `call'
actionpack (6.0.0) lib/action_dispatch/middleware/show_exceptions.rb:33:in `call'
railties (6.0.0) lib/rails/rack/logger.rb:38:in `call_app'
railties (6.0.0) lib/rails/rack/logger.rb:26:in `block in call'
activesupport (6.0.0) lib/active_support/tagged_logging.rb:80:in `block in tagged'
activesupport (6.0.0) lib/active_support/tagged_logging.rb:28:in `tagged'
activesupport (6.0.0) lib/active_support/tagged_logging.rb:80:in `tagged'
railties (6.0.0) lib/rails/rack/logger.rb:26:in `call'
sprockets-rails (3.2.1) lib/sprockets/rails/quiet_assets.rb:13:in `call'
actionpack (6.0.0) lib/action_dispatch/middleware/remote_ip.rb:81:in `call'
actionpack (6.0.0) lib/action_dispatch/middleware/request_id.rb:27:in `call'
rack (2.0.7) lib/rack/method_override.rb:22:in `call'
rack (2.0.7) lib/rack/runtime.rb:22:in `call'
activesupport (6.0.0) lib/active_support/cache/strategy/local_cache_middleware.rb:29:in `call'
actionpack (6.0.0) lib/action_dispatch/middleware/executor.rb:14:in `call'
actionpack (6.0.0) lib/action_dispatch/middleware/static.rb:126:in `call'
rack (2.0.7) lib/rack/sendfile.rb:111:in `call'
actionpack (6.0.0) lib/action_dispatch/middleware/host_authorization.rb:83:in `call'
webpacker (4.0.7) lib/webpacker/dev_server_proxy.rb:29:in `perform_request'
rack-proxy (0.6.5) lib/rack/proxy.rb:57:in `call'
railties (6.0.0) lib/rails/engine.rb:526:in `call'
puma (3.12.1) lib/puma/configuration.rb:227:in `call'
puma (3.12.1) lib/puma/server.rb:660:in `handle_request'
puma (3.12.1) lib/puma/server.rb:474:in `process_client'
puma (3.12.1) lib/puma/server.rb:334:in `block in run'
puma (3.12.1) lib/puma/thread_pool.rb:135:in `block in spawn_thread'
Started GET "/" for ::1 at 2019-10-31 16:47:30 -0500
  [1m[35m (0.2ms)[0m  [1m[34mSELECT sqlite_version(*)[0m
Processing by ChatroomController#index as HTML
Completed 406 Not Acceptable in 5ms (ActiveRecord: 0.0ms | Allocations: 2169)


  
ActionController::MissingExactTemplate (ChatroomController#index is missing a template for request formats: text/html):
  
actionpack (6.0.0) lib/action_controller/metal/implicit_render.rb:45:in `default_render'
actionpack (6.0.0) lib/action_controller/metal/basic_implicit_render.rb:6:in `block in send_action'
actionpack (6.0.0) lib/action_controller/metal/basic_implicit_render.rb:6:in `tap'
actionpack (6.0.0) lib/action_controller/metal/basic_implicit_render.rb:6:in `send_action'
actionpack (6.0.0) lib/abstract_controller/base.rb:196:in `process_action'
actionpack (6.0.0) lib/action_controller/metal/rendering.rb:30:in `process_action'
actionpack (6.0.0) lib/abstract_controller/callbacks.rb:42:in `block in process_action'
activesupport (6.0.0) lib/active_support/callbacks.rb:135:in `run_callbacks'
actionpack (6.0.0) lib/abstract_controller/callbacks.rb:41:in `process_action'
actionpack (6.0.0) lib/action_controller/metal/rescue.rb:22:in `process_action'
actionpack (6.0.0) lib/action_controller/metal/instrumentation.rb:33:in `block in process_action'
activesupport (6.0.0) lib/active_support/notifications.rb:180:in `block in instrument'
activesupport (6.0.0) lib/active_support/notifications/instrumenter.rb:24:in `instrument'
activesupport (6.0.0) lib/active_support/notifications.rb:180:in `instrument'
actionpack (6.0.0) lib/action_controller/metal/instrumentation.rb:32:in `process_action'
actionpack (6.0.0) lib/action_controller/metal/params_wrapper.rb:245:in `process_action'
activerecord (6.0.0) lib/active_record/railties/controller_runtime.rb:27:in `process_action'
actionpack (6.0.0) lib/abstract_controller/base.rb:136:in `process'
actionview (6.0.0) lib/action_view/rendering.rb:39:in `process'
actionpack (6.0.0) lib/action_controller/metal.rb:191:in `dispatch'
actionpack (6.0.0) lib/action_controller/metal.rb:252:in `dispatch'
actionpack (6.0.0) lib/action_dispatch/routing/route_set.rb:51:in `dispatch'
actionpack (6.0.0) lib/action_dispatch/routing/route_set.rb:33:in `serve'
actionpack (6.0.0) lib/action_dispatch/journey/router.rb:49:in `block in serve'
actionpack (6.0.0) lib/action_dispatch/journey/router.rb:32:in `each'
actionpack (6.0.0) lib/action_dispatch/journey/router.rb:32:in `serve'
actionpack (6.0.0) lib/action_dispatch/routing/route_set.rb:837:in `call'
rack (2.0.7) lib/rack/tempfile_reaper.rb:15:in `call'
rack (2.0.7) lib/rack/etag.rb:25:in `call'
rack (2.0.7) lib/rack/conditional_get.rb:25:in `call'
rack (2.0.7) lib/rack/head.rb:12:in `call'
actionpack (6.0.0) lib/action_dispatch/http/content_security_policy.rb:18:in `call'
rack (2.0.7) lib/rack/session/abstract/id.rb:232:in `context'
rack (2.0.7) lib/rack/session/abstract/id.rb:226:in `call'
actionpack (6.0.0) lib/action_dispatch/middleware/cookies.rb:648:in `call'
activerecord (6.0.0) lib/active_record/migration.rb:567:in `call'
actionpack (6.0.0) lib/action_dispatch/middleware/callbacks.rb:27:in `block in call'
activesupport (6.0.0) lib/active_support/callbacks.rb:101:in `run_callbacks'
actionpack (6.0.0) lib/action_dispatch/middleware/callbacks.rb:26:in `call'
actionpack (6.0.0) lib/action_dispatch/middleware/executor.rb:14:in `call'
actionpack (6.0.0) lib/action_dispatch/middleware/actionable_exceptions.rb:17:in `call'
actionpack (6.0.0) lib/action_dispatch/middleware/debug_exceptions.rb:32:in `call'
web-console (4.0.1) lib/web_console/middleware.rb:132:in `call_app'
web-console (4.0.1) lib/web_console/middleware.rb:28:in `block in call'
web-console (4.0.1) lib/web_console/middleware.rb:17:in `catch'
web-console (4.0.1) lib/web_console/middleware.rb:17:in `call'
actionpack (6.0.0) lib/action_dispatch/middleware/show_exceptions.rb:33:in `call'
railties (6.0.0) lib/rails/rack/logger.rb:38:in `call_app'
railties (6.0.0) lib/rails/rack/logger.rb:26:in `block in call'
activesupport (6.0.0) lib/active_support/tagged_logging.rb:80:in `block in tagged'
activesupport (6.0.0) lib/active_support/tagged_logging.rb:28:in `tagged'
activesupport (6.0.0) lib/active_support/tagged_logging.rb:80:in `tagged'
railties (6.0.0) lib/rails/rack/logger.rb:26:in `call'
sprockets-rails (3.2.1) lib/sprockets/rails/quiet_assets.rb:13:in `call'
actionpack (6.0.0) lib/action_dispatch/middleware/remote_ip.rb:81:in `call'
actionpack (6.0.0) lib/action_dispatch/middleware/request_id.rb:27:in `call'
rack (2.0.7) lib/rack/method_override.rb:22:in `call'
rack (2.0.7) lib/rack/runtime.rb:22:in `call'
activesupport (6.0.0) lib/active_support/cache/strategy/local_cache_middleware.rb:29:in `call'
actionpack (6.0.0) lib/action_dispatch/middleware/executor.rb:14:in `call'
actionpack (6.0.0) lib/action_dispatch/middleware/static.rb:126:in `call'
rack (2.0.7) lib/rack/sendfile.rb:111:in `call'
actionpack (6.0.0) lib/action_dispatch/middleware/host_authorization.rb:83:in `call'
webpacker (4.0.7) lib/webpacker/dev_server_proxy.rb:29:in `perform_request'
rack-proxy (0.6.5) lib/rack/proxy.rb:57:in `call'
railties (6.0.0) lib/rails/engine.rb:526:in `call'
puma (3.12.1) lib/puma/configuration.rb:227:in `call'
puma (3.12.1) lib/puma/server.rb:660:in `handle_request'
puma (3.12.1) lib/puma/server.rb:474:in `process_client'
puma (3.12.1) lib/puma/server.rb:334:in `block in run'
puma (3.12.1) lib/puma/thread_pool.rb:135:in `block in spawn_thread'
Started GET "/" for ::1 at 2019-10-31 16:51:22 -0500
  [1m[35m (0.2ms)[0m  [1m[34mSELECT sqlite_version(*)[0m
Processing by ChatroomController#index as HTML
  Rendering chatroom/index.html.erb within layouts/application
  Rendered chatroom/index.html.erb within layouts/application (Duration: 0.4ms | Allocations: 245)
Completed 200 OK in 526ms (Views: 521.1ms | ActiveRecord: 0.0ms | Allocations: 1274359)


Started GET "/login" for ::1 at 2019-10-31 16:51:26 -0500
Processing by SessionsController#new as HTML
  Rendering sessions/new.html.erb within layouts/application
  Rendered sessions/new.html.erb within layouts/application (Duration: 0.3ms | Allocations: 92)
Completed 200 OK in 13ms (Views: 11.6ms | ActiveRecord: 0.0ms | Allocations: 10852)


Started GET "/login" for ::1 at 2019-10-31 16:58:34 -0500
  [1m[35m (0.3ms)[0m  [1m[34mSELECT sqlite_version(*)[0m
Processing by SessionsController#new as HTML
  Rendering sessions/new.html.erb within layouts/application
  Rendered sessions/new.html.erb within layouts/application (Duration: 0.3ms | Allocations: 203)
Completed 200 OK in 747ms (Views: 741.9ms | ActiveRecord: 0.0ms | Allocations: 1310955)


Started GET "/" for ::1 at 2019-10-31 16:58:38 -0500
Processing by ChatroomController#index as HTML
  Rendering chatroom/index.html.erb within layouts/application
  Rendered chatroom/index.html.erb within layouts/application (Duration: 0.2ms | Allocations: 92)
Completed 200 OK in 10ms (Views: 8.9ms | ActiveRecord: 0.0ms | Allocations: 13057)


Started GET "/" for ::1 at 2019-10-31 17:11:13 -0500
  [1m[35m (0.1ms)[0m  [1m[34mSELECT sqlite_version(*)[0m
Processing by ChatroomController#index as HTML
  Rendering chatroom/index.html.erb within layouts/application
  Rendered chatroom/index.html.erb within layouts/application (Duration: 0.2ms | Allocations: 82)
Completed 200 OK in 11ms (Views: 9.7ms | ActiveRecord: 0.0ms | Allocations: 13387)


Started GET "/" for ::1 at 2019-10-31 17:11:23 -0500
Processing by ChatroomController#index as HTML
  Rendering chatroom/index.html.erb within layouts/application
  Rendered chatroom/index.html.erb within layouts/application (Duration: 0.2ms | Allocations: 81)
Completed 200 OK in 7ms (Views: 6.8ms | ActiveRecord: 0.0ms | Allocations: 13383)


Started GET "/" for ::1 at 2019-10-31 17:12:29 -0500
Processing by ChatroomController#index as HTML
  Rendering chatroom/index.html.erb within layouts/application
  Rendered chatroom/index.html.erb within layouts/application (Duration: 0.2ms | Allocations: 81)
Completed 200 OK in 8ms (Views: 7.0ms | ActiveRecord: 0.0ms | Allocations: 13379)


Started GET "/" for ::1 at 2019-10-31 17:14:12 -0500
Processing by ChatroomController#index as HTML
  Rendering chatroom/index.html.erb within layouts/application
  Rendered chatroom/index.html.erb within layouts/application (Duration: 0.2ms | Allocations: 81)
Completed 200 OK in 21ms (Views: 20.8ms | ActiveRecord: 0.0ms | Allocations: 13384)


Started GET "/" for ::1 at 2019-10-31 17:15:34 -0500
Processing by ChatroomController#index as HTML
  Rendering chatroom/index.html.erb within layouts/application
  Rendered chatroom/index.html.erb within layouts/application (Duration: 0.2ms | Allocations: 87)
Completed 200 OK in 8ms (Views: 7.2ms | ActiveRecord: 0.0ms | Allocations: 13404)


Started GET "/login" for ::1 at 2019-10-31 17:15:47 -0500
Processing by SessionsController#new as HTML
  Rendering sessions/new.html.erb within layouts/application
  Rendered sessions/new.html.erb within layouts/application (Duration: 0.2ms | Allocations: 81)
Completed 200 OK in 9ms (Views: 8.6ms | ActiveRecord: 0.0ms | Allocations: 13008)


Started GET "/login" for ::1 at 2019-10-31 17:17:27 -0500
Processing by SessionsController#new as HTML
  Rendering sessions/new.html.erb within layouts/application
  Rendered sessions/new.html.erb within layouts/application (Duration: 0.4ms | Allocations: 81)
Completed 200 OK in 21ms (Views: 19.7ms | ActiveRecord: 0.0ms | Allocations: 13388)


Started GET "/login" for ::1 at 2019-10-31 17:17:35 -0500
Processing by SessionsController#new as HTML
  Rendering sessions/new.html.erb within layouts/application
  Rendered sessions/new.html.erb within layouts/application (Duration: 0.3ms | Allocations: 81)
Completed 200 OK in 11ms (Views: 9.7ms | ActiveRecord: 0.0ms | Allocations: 13384)


Started GET "/login" for ::1 at 2019-10-31 17:18:04 -0500
Processing by SessionsController#new as HTML
  Rendering sessions/new.html.erb within layouts/application
  Rendered sessions/new.html.erb within layouts/application (Duration: 0.2ms | Allocations: 81)
Completed 200 OK in 12ms (Views: 9.9ms | ActiveRecord: 0.0ms | Allocations: 13390)


Started GET "/login" for ::1 at 2019-10-31 17:18:30 -0500
Processing by SessionsController#new as HTML
  Rendering sessions/new.html.erb within layouts/application
  Rendered sessions/new.html.erb within layouts/application (Duration: 0.2ms | Allocations: 82)
Completed 200 OK in 15ms (Views: 14.1ms | ActiveRecord: 0.0ms | Allocations: 13433)


Started GET "/login" for ::1 at 2019-10-31 17:19:56 -0500
Processing by SessionsController#new as HTML
  Rendering sessions/new.html.erb within layouts/application
  Rendered sessions/new.html.erb within layouts/application (Duration: 0.2ms | Allocations: 81)
Completed 200 OK in 8ms (Views: 7.7ms | ActiveRecord: 0.0ms | Allocations: 13431)


Started GET "/login" for ::1 at 2019-10-31 17:20:15 -0500
Processing by SessionsController#new as HTML
  Rendering sessions/new.html.erb within layouts/application
  Rendered sessions/new.html.erb within layouts/application (Duration: 0.2ms | Allocations: 81)
Completed 200 OK in 8ms (Views: 7.8ms | ActiveRecord: 0.0ms | Allocations: 13392)


Started GET "/login" for ::1 at 2019-10-31 17:24:30 -0500
  [1m[35m (0.2ms)[0m  [1m[34mSELECT sqlite_version(*)[0m
Processing by SessionsController#new as HTML
  Rendering sessions/new.html.erb within layouts/application
  Rendered sessions/new.html.erb within layouts/application (Duration: 0.5ms | Allocations: 279)
Completed 200 OK in 850ms (Views: 842.8ms | ActiveRecord: 0.0ms | Allocations: 1324279)


Started GET "/login" for ::1 at 2019-10-31 17:27:03 -0500
  [1m[35m (0.2ms)[0m  [1m[34mSELECT sqlite_version(*)[0m
Processing by SessionsController#new as HTML
  Rendering sessions/new.html.erb within layouts/application
  Rendered sessions/new.html.erb within layouts/application (Duration: 0.3ms | Allocations: 209)
Completed 200 OK in 738ms (Views: 732.9ms | ActiveRecord: 0.0ms | Allocations: 1324459)


Started GET "/login" for ::1 at 2019-10-31 17:30:10 -0500
  [1m[35m (0.3ms)[0m  [1m[34mSELECT sqlite_version(*)[0m
Processing by SessionsController#new as HTML
  Rendering sessions/new.html.erb within layouts/application
  Rendered sessions/new.html.erb within layouts/application (Duration: 0.3ms | Allocations: 209)
Completed 200 OK in 790ms (Views: 785.4ms | ActiveRecord: 0.0ms | Allocations: 1352101)


Started GET "/login" for ::1 at 2019-10-31 17:40:03 -0500
  [1m[35m (0.2ms)[0m  [1m[34mSELECT sqlite_version(*)[0m
Processing by SessionsController#new as HTML
  Rendering sessions/new.html.erb within layouts/application
  Rendered sessions/new.html.erb within layouts/application (Duration: 0.3ms | Allocations: 203)
  Rendered layouts/_navigation.html.erb (Duration: 0.2ms | Allocations: 115)
Completed 200 OK in 733ms (Views: 728.0ms | ActiveRecord: 0.0ms | Allocations: 1346041)


Started GET "/login" for ::1 at 2019-11-01 09:39:42 -0500
  [1m[35m (0.2ms)[0m  [1m[34mSELECT sqlite_version(*)[0m
Processing by SessionsController#new as HTML
  Rendering sessions/new.html.erb within layouts/application
  Rendered sessions/new.html.erb within layouts/application (Duration: 0.4ms | Allocations: 292)
  Rendered layouts/_navigation.html.erb (Duration: 0.2ms | Allocations: 115)
Completed 200 OK in 845ms (Views: 839.9ms | ActiveRecord: 0.0ms | Allocations: 1377197)


Started GET "/login" for ::1 at 2019-11-01 09:44:34 -0500
  [1m[35m (0.3ms)[0m  [1m[34mSELECT sqlite_version(*)[0m
Processing by SessionsController#new as HTML
  Rendering sessions/new.html.erb within layouts/application
  Rendered sessions/new.html.erb within layouts/application (Duration: 0.3ms | Allocations: 245)
  Rendered layouts/_navigation.html.erb (Duration: 0.2ms | Allocations: 115)
Completed 200 OK in 751ms (Views: 745.5ms | ActiveRecord: 0.0ms | Allocations: 1349106)


Started GET "/" for ::1 at 2019-11-01 09:44:41 -0500
Processing by ChatroomController#index as HTML
  Rendering chatroom/index.html.erb within layouts/application
  Rendered chatroom/index.html.erb within layouts/application (Duration: 0.2ms | Allocations: 94)
  Rendered layouts/_navigation.html.erb (Duration: 0.0ms | Allocations: 6)
Completed 200 OK in 29ms (Views: 28.0ms | ActiveRecord: 0.0ms | Allocations: 53925)


Started GET "/" for ::1 at 2019-11-01 09:45:50 -0500
Processing by ChatroomController#index as HTML
  Rendering chatroom/index.html.erb within layouts/application
  Rendered chatroom/index.html.erb within layouts/application (Duration: 0.4ms | Allocations: 87)
  Rendered layouts/_navigation.html.erb (Duration: 0.2ms | Allocations: 105)
Completed 200 OK in 40ms (Views: 38.6ms | ActiveRecord: 0.0ms | Allocations: 54635)


Started GET "/" for ::1 at 2019-11-01 09:49:42 -0500
Processing by ChatroomController#index as HTML
  Rendering chatroom/index.html.erb within layouts/application
  Rendered chatroom/index.html.erb within layouts/application (Duration: 0.4ms | Allocations: 131)
  Rendered layouts/_navigation.html.erb (Duration: 0.2ms | Allocations: 110)
Completed 200 OK in 54ms (Views: 52.4ms | ActiveRecord: 0.0ms | Allocations: 54662)


Started GET "/" for ::1 at 2019-11-01 09:52:50 -0500
Processing by ChatroomController#index as HTML
  Rendering chatroom/index.html.erb within layouts/application
  Rendered chatroom/index.html.erb within layouts/application (Duration: 0.4ms | Allocations: 136)
  Rendered layouts/_navigation.html.erb (Duration: 0.2ms | Allocations: 105)
Completed 200 OK in 27ms (Views: 25.9ms | ActiveRecord: 0.0ms | Allocations: 54656)


Started GET "/" for ::1 at 2019-11-01 09:56:27 -0500
Processing by ChatroomController#index as HTML
  Rendering chatroom/index.html.erb within layouts/application
  Rendered chatroom/index.html.erb within layouts/application (Duration: 0.2ms | Allocations: 145)
  Rendered layouts/_navigation.html.erb (Duration: 0.2ms | Allocations: 105)
Completed 200 OK in 24ms (Views: 23.5ms | ActiveRecord: 0.0ms | Allocations: 54671)


Started GET "/" for ::1 at 2019-11-01 09:56:58 -0500
Processing by ChatroomController#index as HTML
  Rendering chatroom/index.html.erb within layouts/application
  Rendered chatroom/index.html.erb within layouts/application (Duration: 0.4ms | Allocations: 140)
  Rendered layouts/_navigation.html.erb (Duration: 0.2ms | Allocations: 105)
Completed 200 OK in 31ms (Views: 29.8ms | ActiveRecord: 0.0ms | Allocations: 54658)


Started GET "/" for ::1 at 2019-11-01 09:57:16 -0500
Processing by ChatroomController#index as HTML
  Rendering chatroom/index.html.erb within layouts/application
  Rendered chatroom/index.html.erb within layouts/application (Duration: 0.8ms | Allocations: 145)
  Rendered layouts/_navigation.html.erb (Duration: 0.2ms | Allocations: 105)
Completed 200 OK in 57ms (Views: 55.0ms | ActiveRecord: 0.0ms | Allocations: 54666)


Started GET "/" for ::1 at 2019-11-01 09:57:27 -0500
Processing by ChatroomController#index as HTML
  Rendering chatroom/index.html.erb within layouts/application
  Rendered chatroom/index.html.erb within layouts/application (Duration: 0.2ms | Allocations: 139)
  Rendered layouts/_navigation.html.erb (Duration: 0.2ms | Allocations: 105)
Completed 200 OK in 24ms (Views: 23.0ms | ActiveRecord: 0.0ms | Allocations: 54654)


Started GET "/" for ::1 at 2019-11-01 09:58:36 -0500
Processing by ChatroomController#index as HTML
  Rendering chatroom/index.html.erb within layouts/application
  Rendered chatroom/index.html.erb within layouts/application (Duration: 0.2ms | Allocations: 149)
  Rendered layouts/_navigation.html.erb (Duration: 0.2ms | Allocations: 105)
Completed 200 OK in 29ms (Views: 27.8ms | ActiveRecord: 0.0ms | Allocations: 54674)


Started GET "/" for ::1 at 2019-11-01 09:59:57 -0500
Processing by ChatroomController#index as HTML
  Rendering chatroom/index.html.erb within layouts/application
  Rendered chatroom/index.html.erb within layouts/application (Duration: 0.4ms | Allocations: 144)
  Rendered layouts/_navigation.html.erb (Duration: 0.2ms | Allocations: 110)
Completed 200 OK in 1440ms (Views: 1438.8ms | ActiveRecord: 0.0ms | Allocations: 98287)


Started GET "/" for ::1 at 2019-11-01 10:12:43 -0500
  [1m[35m (0.3ms)[0m  [1m[34mSELECT sqlite_version(*)[0m
Processing by ChatroomController#index as HTML
  Rendering chatroom/index.html.erb within layouts/application
  Rendered chatroom/index.html.erb within layouts/application (Duration: 0.4ms | Allocations: 282)
  Rendered layouts/_navigation.html.erb (Duration: 0.2ms | Allocations: 115)
Completed 200 OK in 792ms (Views: 786.4ms | ActiveRecord: 0.0ms | Allocations: 1362677)


Started GET "/" for ::1 at 2019-11-01 10:13:39 -0500
Processing by ChatroomController#index as HTML
  Rendering chatroom/index.html.erb within layouts/application
  Rendered chatroom/index.html.erb within layouts/application (Duration: 0.3ms | Allocations: 159)
  Rendered layouts/_navigation.html.erb (Duration: 0.2ms | Allocations: 105)
Completed 200 OK in 27ms (Views: 26.6ms | ActiveRecord: 0.0ms | Allocations: 55186)


Started GET "/" for ::1 at 2019-11-01 10:15:01 -0500
Processing by ChatroomController#index as HTML
  Rendering chatroom/index.html.erb within layouts/application
  Rendered chatroom/index.html.erb within layouts/application (Duration: 0.3ms | Allocations: 155)
  Rendered layouts/_navigation.html.erb (Duration: 0.2ms | Allocations: 105)
Completed 200 OK in 31ms (Views: 29.7ms | ActiveRecord: 0.0ms | Allocations: 55165)


Started GET "/" for ::1 at 2019-11-01 10:16:55 -0500
Processing by ChatroomController#index as HTML
  Rendering chatroom/index.html.erb within layouts/application
  Rendered chatroom/index.html.erb within layouts/application (Duration: 0.4ms | Allocations: 158)
  Rendered layouts/_navigation.html.erb (Duration: 0.2ms | Allocations: 105)
Completed 200 OK in 32ms (Views: 30.8ms | ActiveRecord: 0.0ms | Allocations: 55181)


Started GET "/" for ::1 at 2019-11-01 10:17:40 -0500
Processing by ChatroomController#index as HTML
  Rendering chatroom/index.html.erb within layouts/application
  Rendered chatroom/index.html.erb within layouts/application (Duration: 0.2ms | Allocations: 154)
  Rendered layouts/_navigation.html.erb (Duration: 0.2ms | Allocations: 105)
Completed 200 OK in 27ms (Views: 26.6ms | ActiveRecord: 0.0ms | Allocations: 55169)


Started GET "/login" for ::1 at 2019-11-01 10:21:50 -0500
Processing by SessionsController#new as HTML
  Rendering sessions/new.html.erb within layouts/application
  Rendered sessions/new.html.erb within layouts/application (Duration: 0.5ms | Allocations: 122)
  Rendered layouts/_navigation.html.erb (Duration: 0.2ms | Allocations: 105)
Completed 200 OK in 37ms (Views: 35.6ms | ActiveRecord: 0.0ms | Allocations: 55101)


Started GET "/login" for ::1 at 2019-11-01 10:23:25 -0500
Processing by SessionsController#new as HTML
  Rendering sessions/new.html.erb within layouts/application
  Rendered sessions/new.html.erb within layouts/application (Duration: 0.7ms | Allocations: 120)
  Rendered layouts/_navigation.html.erb (Duration: 0.2ms | Allocations: 105)
Completed 200 OK in 57ms (Views: 55.0ms | ActiveRecord: 0.0ms | Allocations: 55156)


Started GET "/login" for ::1 at 2019-11-01 10:24:00 -0500
Processing by SessionsController#new as HTML
  Rendering sessions/new.html.erb within layouts/application
  Rendered sessions/new.html.erb within layouts/application (Duration: 0.3ms | Allocations: 125)
  Rendered layouts/_navigation.html.erb (Duration: 0.2ms | Allocations: 105)
Completed 200 OK in 24ms (Views: 22.9ms | ActiveRecord: 0.0ms | Allocations: 55146)


Started GET "/login" for ::1 at 2019-11-01 10:24:13 -0500
Processing by SessionsController#new as HTML
  Rendering sessions/new.html.erb within layouts/application
  Rendered sessions/new.html.erb within layouts/application (Duration: 0.2ms | Allocations: 121)
  Rendered layouts/_navigation.html.erb (Duration: 0.2ms | Allocations: 105)
Completed 200 OK in 28ms (Views: 26.3ms | ActiveRecord: 0.0ms | Allocations: 55136)


Started GET "/login" for ::1 at 2019-11-01 10:25:03 -0500
Processing by SessionsController#new as HTML
  Rendering sessions/new.html.erb within layouts/application
  Rendered sessions/new.html.erb within layouts/application (Duration: 0.4ms | Allocations: 124)
  Rendered layouts/_navigation.html.erb (Duration: 0.3ms | Allocations: 192)
Completed 200 OK in 38ms (Views: 35.9ms | ActiveRecord: 0.0ms | Allocations: 55230)


Started GET "/login" for ::1 at 2019-11-01 10:25:05 -0500
Processing by SessionsController#new as HTML
  Rendering sessions/new.html.erb within layouts/application
  Rendered sessions/new.html.erb within layouts/application (Duration: 0.0ms | Allocations: 4)
  Rendered layouts/_navigation.html.erb (Duration: 0.1ms | Allocations: 49)
Completed 200 OK in 22ms (Views: 21.6ms | ActiveRecord: 0.0ms | Allocations: 53729)


Started GET "/login" for ::1 at 2019-11-01 10:25:11 -0500
Processing by SessionsController#new as HTML
  Rendering sessions/new.html.erb within layouts/application
  Rendered sessions/new.html.erb within layouts/application (Duration: 0.0ms | Allocations: 4)
  Rendered layouts/_navigation.html.erb (Duration: 0.1ms | Allocations: 49)
Completed 200 OK in 47ms (Views: 46.5ms | ActiveRecord: 0.0ms | Allocations: 53736)


Started GET "/login" for ::1 at 2019-11-01 10:25:27 -0500
Processing by SessionsController#new as HTML
  Rendering sessions/new.html.erb within layouts/application
  Rendered sessions/new.html.erb within layouts/application (Duration: 0.7ms | Allocations: 124)
  Rendered layouts/_navigation.html.erb (Duration: 0.3ms | Allocations: 187)
Completed 200 OK in 53ms (Views: 51.5ms | ActiveRecord: 0.0ms | Allocations: 55251)


Started GET "/" for ::1 at 2019-11-01 10:25:47 -0500
Processing by ChatroomController#index as HTML
  Rendering chatroom/index.html.erb within layouts/application
  Rendered chatroom/index.html.erb within layouts/application (Duration: 0.6ms | Allocations: 157)
  Rendered layouts/_navigation.html.erb (Duration: 0.1ms | Allocations: 62)
Completed 200 OK in 41ms (Views: 39.0ms | ActiveRecord: 0.0ms | Allocations: 54564)


Started GET "/login" for ::1 at 2019-11-01 10:25:50 -0500
Processing by SessionsController#new as HTML
  Rendering sessions/new.html.erb within layouts/application
  Rendered sessions/new.html.erb within layouts/application (Duration: 0.0ms | Allocations: 4)
  Rendered layouts/_navigation.html.erb (Duration: 0.1ms | Allocations: 61)
Completed 200 OK in 23ms (Views: 22.5ms | ActiveRecord: 0.0ms | Allocations: 53767)


Started GET "/login" for ::1 at 2019-11-01 10:26:57 -0500
Processing by SessionsController#new as HTML
  Rendering sessions/new.html.erb within layouts/application
  Rendered sessions/new.html.erb within layouts/application (Duration: 0.7ms | Allocations: 119)
  Rendered layouts/_navigation.html.erb (Duration: 0.3ms | Allocations: 234)
Completed 200 OK in 49ms (Views: 46.8ms | ActiveRecord: 0.0ms | Allocations: 55302)


Started GET "/" for ::1 at 2019-11-01 10:27:03 -0500
Processing by ChatroomController#index as HTML
  Rendering chatroom/index.html.erb within layouts/application
  Rendered chatroom/index.html.erb within layouts/application (Duration: 0.4ms | Allocations: 157)
  Rendered layouts/_navigation.html.erb (Duration: 0.1ms | Allocations: 88)
Completed 200 OK in 44ms (Views: 43.0ms | ActiveRecord: 0.0ms | Allocations: 54599)


  [1m[35m (0.2ms)[0m  [1m[34mSELECT sqlite_version(*)[0m
  [1m[35m (5.6ms)[0m  [1m[35mCREATE TABLE "schema_migrations" ("version" varchar NOT NULL PRIMARY KEY)[0m
  [1m[35m (4.1ms)[0m  [1m[35mCREATE TABLE "ar_internal_metadata" ("key" varchar NOT NULL PRIMARY KEY, "value" varchar, "created_at" datetime(6) NOT NULL, "updated_at" datetime(6) NOT NULL)[0m
  [1m[35m (0.1ms)[0m  [1m[34mSELECT "schema_migrations"."version" FROM "schema_migrations" ORDER BY "schema_migrations"."version" ASC[0m
Migrating to CreateUsers (20191101153148)
  [1m[35m (0.1ms)[0m  [1m[36mbegin transaction[0m
  [1m[35m (0.3ms)[0m  [1m[35mCREATE TABLE "users" ("id" integer PRIMARY KEY AUTOINCREMENT NOT NULL, "username" varchar, "password_digest" varchar, "created_at" datetime(6) NOT NULL, "updated_at" datetime(6) NOT NULL)[0m
  [1m[36mprimary::SchemaMigration Create (0.1ms)[0m  [1m[32mINSERT INTO "schema_migrations" ("version") VALUES (?)[0m  [["version", "20191101153148"]]
  [1m[35m (4.3ms)[0m  [1m[36mcommit transaction[0m
  [1m[36mActiveRecord::InternalMetadata Load (0.1ms)[0m  [1m[34mSELECT "ar_internal_metadata".* FROM "ar_internal_metadata" WHERE "ar_internal_metadata"."key" = ? LIMIT ?[0m  [["key", "environment"], ["LIMIT", 1]]
  [1m[35m (0.1ms)[0m  [1m[36mbegin transaction[0m
  [1m[36mActiveRecord::InternalMetadata Create (0.2ms)[0m  [1m[32mINSERT INTO "ar_internal_metadata" ("key", "value", "created_at", "updated_at") VALUES (?, ?, ?, ?)[0m  [["key", "environment"], ["value", "development"], ["created_at", "2019-11-01 15:33:40.002307"], ["updated_at", "2019-11-01 15:33:40.002307"]]
  [1m[35m (3.1ms)[0m  [1m[36mcommit transaction[0m
  [1m[35m (0.0ms)[0m  [1m[34mSELECT sqlite_version(*)[0m
  [1m[35m (0.1ms)[0m  [1m[34mSELECT "schema_migrations"."version" FROM "schema_migrations" ORDER BY "schema_migrations"."version" ASC[0m
  [1m[35m (0.5ms)[0m  [1m[34mSELECT sqlite_version(*)[0m
  [1m[35m (0.0ms)[0m  [1m[36mbegin transaction[0m
  [1m[36mUser Exists? (0.1ms)[0m  [1m[34mSELECT 1 AS one FROM "users" WHERE "users"."username" = ? LIMIT ?[0m  [["username", "mashrur"], ["LIMIT", 1]]
  [1m[36mUser Create (0.2ms)[0m  [1m[32mINSERT INTO "users" ("username", "password_digest", "created_at", "updated_at") VALUES (?, ?, ?, ?)[0m  [["username", "mashrur"], ["password_digest", "$2a$12$UDh9XQ5SkIqiDvZl.Bo7xuzVt2zEuUkMtcTs4GThSLzOeNTOg0FXe"], ["created_at", "2019-11-01 15:34:33.338687"], ["updated_at", "2019-11-01 15:34:33.338687"]]
  [1m[35m (3.6ms)[0m  [1m[36mcommit transaction[0m
  [1m[36mUser Load (0.2ms)[0m  [1m[34mSELECT "users".* FROM "users" LIMIT ?[0m  [["LIMIT", 11]]
  [1m[35m (0.1ms)[0m  [1m[36mbegin transaction[0m
  [1m[36mUser Exists? (0.1ms)[0m  [1m[34mSELECT 1 AS one FROM "users" WHERE "users"."username" = ? LIMIT ?[0m  [["username", "mashrur"], ["LIMIT", 1]]
  [1m[35m (0.1ms)[0m  [1m[31mrollback transaction[0m
  [1m[35m (0.2ms)[0m  [1m[34mSELECT sqlite_version(*)[0m
  [1m[36mUser Load (0.1ms)[0m  [1m[34mSELECT "users".* FROM "users"[0m
  [1m[35m (0.8ms)[0m  [1m[34mSELECT sqlite_version(*)[0m
  [1m[35m (0.1ms)[0m  [1m[34mSELECT "schema_migrations"."version" FROM "schema_migrations" ORDER BY "schema_migrations"."version" ASC[0m
Migrating to CreateMessages (20191101153815)
  [1m[35m (0.0ms)[0m  [1m[36mbegin transaction[0m
  [1m[35m (0.2ms)[0m  [1m[35mCREATE TABLE "messages" ("id" integer PRIMARY KEY AUTOINCREMENT NOT NULL, "body" text, "user_id" integer, "created_at" datetime(6) NOT NULL, "updated_at" datetime(6) NOT NULL)[0m
  [1m[36mprimary::SchemaMigration Create (0.1ms)[0m  [1m[32mINSERT INTO "schema_migrations" ("version") VALUES (?)[0m  [["version", "20191101153815"]]
  [1m[35m (5.7ms)[0m  [1m[36mcommit transaction[0m
  [1m[36mActiveRecord::InternalMetadata Load (0.1ms)[0m  [1m[34mSELECT "ar_internal_metadata".* FROM "ar_internal_metadata" WHERE "ar_internal_metadata"."key" = ? LIMIT ?[0m  [["key", "environment"], ["LIMIT", 1]]
  [1m[35m (0.0ms)[0m  [1m[34mSELECT sqlite_version(*)[0m
  [1m[35m (0.1ms)[0m  [1m[34mSELECT "schema_migrations"."version" FROM "schema_migrations" ORDER BY "schema_migrations"."version" ASC[0m
  [1m[35m (0.4ms)[0m  [1m[34mSELECT sqlite_version(*)[0m
  [1m[36mUser Load (0.1ms)[0m  [1m[34mSELECT "users".* FROM "users" ORDER BY "users"."id" DESC LIMIT ?[0m  [["LIMIT", 1]]
  [1m[35m (0.1ms)[0m  [1m[36mbegin transaction[0m
  [1m[36mMessage Create (0.2ms)[0m  [1m[32mINSERT INTO "messages" ("body", "user_id", "created_at", "updated_at") VALUES (?, ?, ?, ?)[0m  [["body", "Hi, I'm a new message."], ["user_id", 1], ["created_at", "2019-11-01 15:41:05.486120"], ["updated_at", "2019-11-01 15:41:05.486120"]]
  [1m[35m (3.5ms)[0m  [1m[36mcommit transaction[0m
  [1m[36mMessage Load (0.2ms)[0m  [1m[34mSELECT "messages".* FROM "messages" LIMIT ?[0m  [["LIMIT", 11]]
  [1m[36mUser Load (0.1ms)[0m  [1m[34mSELECT "users".* FROM "users" ORDER BY "users"."id" DESC LIMIT ?[0m  [["LIMIT", 1]]
  [1m[36mMessage Load (0.1ms)[0m  [1m[34mSELECT "messages".* FROM "messages" WHERE "messages"."user_id" = ? LIMIT ?[0m  [["user_id", 1], ["LIMIT", 11]]
Started GET "/" for ::1 at 2019-11-01 10:45:58 -0500
  [1m[35m (0.1ms)[0m  [1m[34mSELECT sqlite_version(*)[0m
  [1m[35m (0.1ms)[0m  [1m[34mSELECT "schema_migrations"."version" FROM "schema_migrations" ORDER BY "schema_migrations"."version" ASC[0m
Processing by ChatroomController#index as HTML
  Rendering chatroom/index.html.erb within layouts/application
  Rendered chatroom/index.html.erb within layouts/application (Duration: 3.5ms | Allocations: 3584)
Completed 500 Internal Server Error in 6ms (ActiveRecord: 0.0ms | Allocations: 5858)


Started GET "/" for ::1 at 2019-11-01 10:46:38 -0500
Processing by ChatroomController#index as HTML
  Rendering chatroom/index.html.erb within layouts/application
  Rendered chatroom/index.html.erb within layouts/application (Duration: 0.6ms | Allocations: 1105)
Completed 500 Internal Server Error in 3ms (ActiveRecord: 0.0ms | Allocations: 2443)


  
ActionView::SyntaxErrorInTemplate (Encountered a syntax error while rendering template: check <h1 align="center">Chatroom home page</h1>
<h4 class="ui center aligned icon header">
  <i class="circular orange coffee icon"></i>
  Say Something
</h4>

<div class="ui two column grid">
  <div class="twelve wide column">
    <div class="ui fluid raised card chatbox">
      <div class="content">
        <div class="ui feed">
          <!--<% @messages.do |message| %>
            <div class="event">
              <div class="content">
                <div class="summary">
                  <em><%= message.user.username %></em>: <%= message.body %>
                </div>
              </div>
            </div>
          <% end %>-->
        </div>
      </div>
      <div class="extra content">
        <form class="ui reply form">
          <div class="field">
            <div class="ui fluid icon input">
              <input type="text" placeholder="Enter a message...">
              <i class="bordered inverted orange edit icon"></i>
            </div>
          </div>
        </form>
      </div>
    </div>
  </div>

  <div class="four wide column">
    <div class="ui fluid raised card chatbox">
      <div class="content">
        <div class="ui inverted vertical menu">
          <a class="active item">
            Home
          </a>
          <a class="item">
            Messages
          </a>
          <a class="item">
            Friends
          </a>
        </div>
      </div>
    </div>
  </div>
</div>

):
1:    <h1 align="center">Chatroom home page</h1>
2:    <h4 class="ui center aligned icon header">
3:      <i class="circular orange coffee icon"></i>
4:      Say Something
5:    </h4>
6:    
7:    <div class="ui two column grid">
8:      <div class="twelve wide column">
9:        <div class="ui fluid raised card chatbox">
10:          <div class="content">
11:            <div class="ui feed">
12:              <!--<% @messages.do |message| %>
13:                <div class="event">
14:                  <div class="content">
15:                    <div class="summary">
16:                      <em><%= message.user.username %></em>: <%= message.body %>
17:                    </div>
18:                  </div>
19:                </div>
20:              <% end %>-->
21:            </div>
22:          </div>
23:          <div class="extra content">
24:            <form class="ui reply form">
25:              <div class="field">
26:                <div class="ui fluid icon input">
27:                  <input type="text" placeholder="Enter a message...">
28:                  <i class="bordered inverted orange edit icon"></i>
29:                </div>
30:              </div>
31:            </form>
32:          </div>
33:        </div>
34:      </div>
35:    
36:      <div class="four wide column">
37:        <div class="ui fluid raised card chatbox">
38:          <div class="content">
39:            <div class="ui inverted vertical menu">
40:              <a class="active item">
41:                Home
42:              </a>
43:              <a class="item">
44:                Messages
45:              </a>
46:              <a class="item">
47:                Friends
48:              </a>
49:            </div>
50:          </div>
51:        </div>
52:      </div>
53:    </div>
  
app/views/chatroom/index.html.erb:12: syntax error, unexpected ';'
app/views/chatroom/index.html.erb:56: syntax error, unexpected end, expecting end-of-input
app/views/chatroom/index.html.erb:12: syntax error, unexpected ';'
app/views/chatroom/index.html.erb:56: syntax error, unexpected end, expecting end-of-input
app/views/chatroom/index.html.erb:12: syntax error, unexpected ';'
app/views/chatroom/index.html.erb:56: syntax error, unexpected end, expecting end-of-input
app/views/chatroom/index.html.erb:12: syntax error, unexpected ';'
app/views/chatroom/index.html.erb:56: syntax error, unexpected end, expecting end-of-input
app/views/chatroom/index.html.erb:12: syntax error, unexpected ';'
app/views/chatroom/index.html.erb:56: syntax error, unexpected end, expecting end-of-input
app/views/chatroom/index.html.erb:12: syntax error, unexpected ';'
app/views/chatroom/index.html.erb:56: syntax error, unexpected end, expecting end-of-input
Started GET "/" for ::1 at 2019-11-01 10:47:29 -0500
Processing by ChatroomController#index as HTML
  Rendering chatroom/index.html.erb within layouts/application
  Rendered chatroom/index.html.erb within layouts/application (Duration: 0.3ms | Allocations: 126)
  Rendered layouts/_navigation.html.erb (Duration: 0.3ms | Allocations: 231)
Completed 200 OK in 26ms (Views: 25.2ms | ActiveRecord: 0.0ms | Allocations: 55357)


Started GET "/" for ::1 at 2019-11-01 10:47:49 -0500
Processing by ChatroomController#index as HTML
  Rendering chatroom/index.html.erb within layouts/application
  [1m[36mMessage Load (0.2ms)[0m  [1m[34mSELECT "messages".* FROM "messages"[0m
  ↳ app/views/chatroom/index.html.erb:12
  [1m[36mUser Load (0.1ms)[0m  [1m[34mSELECT "users".* FROM "users" WHERE "users"."id" = ? LIMIT ?[0m  [["id", 1], ["LIMIT", 1]]
  ↳ app/views/chatroom/index.html.erb:16
  Rendered chatroom/index.html.erb within layouts/application (Duration: 23.4ms | Allocations: 13425)
  Rendered layouts/_navigation.html.erb (Duration: 0.3ms | Allocations: 230)
Completed 200 OK in 49ms (Views: 46.0ms | ActiveRecord: 1.5ms | Allocations: 68495)


Started GET "/" for ::1 at 2019-11-01 10:50:59 -0500
Processing by ChatroomController#index as HTML
  Rendering chatroom/index.html.erb within layouts/application
  [1m[36mMessage Load (0.1ms)[0m  [1m[34mSELECT "messages".* FROM "messages"[0m
  ↳ app/views/chatroom/index.html.erb:12
  [1m[36mUser Load (0.1ms)[0m  [1m[34mSELECT "users".* FROM "users" WHERE "users"."id" = ? LIMIT ?[0m  [["id", 1], ["LIMIT", 1]]
  ↳ app/views/messages/_message.html.erb:4
  Rendered collection of messages/_message.html.erb [1 times] (Duration: 0.8ms | Allocations: 841)
  Rendered chatroom/index.html.erb within layouts/application (Duration: 2.1ms | Allocations: 1877)
  Rendered layouts/_navigation.html.erb (Duration: 16.0ms | Allocations: 234)
Completed 200 OK in 48ms (Views: 47.5ms | ActiveRecord: 0.1ms | Allocations: 57031)


Started GET "/" for ::1 at 2019-11-01 10:51:01 -0500
Processing by ChatroomController#index as HTML
  Rendering chatroom/index.html.erb within layouts/application
  [1m[36mMessage Load (0.2ms)[0m  [1m[34mSELECT "messages".* FROM "messages"[0m
  ↳ app/views/chatroom/index.html.erb:12
  [1m[36mUser Load (0.2ms)[0m  [1m[34mSELECT "users".* FROM "users" WHERE "users"."id" = ? LIMIT ?[0m  [["id", 1], ["LIMIT", 1]]
  ↳ app/views/messages/_message.html.erb:4
  Rendered collection of messages/_message.html.erb [1 times] (Duration: 4.4ms | Allocations: 725)
  Rendered chatroom/index.html.erb within layouts/application (Duration: 5.7ms | Allocations: 1460)
  Rendered layouts/_navigation.html.erb (Duration: 0.1ms | Allocations: 82)
Completed 200 OK in 33ms (Views: 31.8ms | ActiveRecord: 0.4ms | Allocations: 55219)


Started GET "/" for ::1 at 2019-11-01 10:51:02 -0500
Processing by ChatroomController#index as HTML
  Rendering chatroom/index.html.erb within layouts/application
  [1m[36mMessage Load (0.1ms)[0m  [1m[34mSELECT "messages".* FROM "messages"[0m
  ↳ app/views/chatroom/index.html.erb:12
  [1m[36mUser Load (0.1ms)[0m  [1m[34mSELECT "users".* FROM "users" WHERE "users"."id" = ? LIMIT ?[0m  [["id", 1], ["LIMIT", 1]]
  ↳ app/views/messages/_message.html.erb:4
  Rendered collection of messages/_message.html.erb [1 times] (Duration: 0.8ms | Allocations: 711)
  Rendered chatroom/index.html.erb within layouts/application (Duration: 1.5ms | Allocations: 1428)
  Rendered layouts/_navigation.html.erb (Duration: 0.1ms | Allocations: 82)
Completed 200 OK in 32ms (Views: 31.3ms | ActiveRecord: 0.2ms | Allocations: 55224)


Started GET "/" for ::1 at 2019-11-01 10:57:14 -0500
  [1m[35m (0.2ms)[0m  [1m[34mSELECT sqlite_version(*)[0m
Processing by ChatroomController#index as HTML
  Rendering chatroom/index.html.erb within layouts/application
  [1m[36mMessage Load (0.3ms)[0m  [1m[34mSELECT "messages".* FROM "messages"[0m
  ↳ app/views/chatroom/index.html.erb:12
  [1m[36mUser Load (0.3ms)[0m  [1m[34mSELECT "users".* FROM "users" WHERE "users"."id" = ? LIMIT ?[0m  [["id", 1], ["LIMIT", 1]]
  ↳ app/views/messages/_message.html.erb:4
  Rendered collection of messages/_message.html.erb [1 times] (Duration: 3.0ms | Allocations: 850)
  Rendered chatroom/index.html.erb within layouts/application (Duration: 6.3ms | Allocations: 1872)
  Rendered layouts/_navigation.html.erb (Duration: 0.4ms | Allocations: 230)
Completed 200 OK in 54ms (Views: 51.3ms | ActiveRecord: 0.7ms | Allocations: 57027)


Started GET "/login" for ::1 at 2019-11-01 10:57:19 -0500
Processing by SessionsController#new as HTML
  Rendering sessions/new.html.erb within layouts/application
  Rendered sessions/new.html.erb within layouts/application (Duration: 1.0ms | Allocations: 1112)
Completed 500 Internal Server Error in 4ms (ActiveRecord: 0.0ms | Allocations: 2266)


  
ActionView::SyntaxErrorInTemplate (Encountered a syntax error while rendering template: check <h1 align="Center">Welcome to MessageMe - <em>a complete Chat App</em></h1>

<h4 class="ui center aligned icon header">
  <i class="circular orange power icon"></i>
  Log in to continue
</h4>

<div class="ui placeholder segment">
  <div class="ui two column very relaxed stackable grid">
    <div class="column">
      <%= form_for(:session, html: {class: "ui form", role: "form"}, url: login_path) %>
        <div class="field">
          <%= f.label :username, "Username" %>
          <div class="ui left icon input">
            <%= f.text_field :username, placeholder: "Username" %>
            <i class="user icon"></i>
          </div>
        </div>
        <div class="field">
          <%= f.label :password, "Password" %>
          <div class="ui left icon input">
            <%= f.password_field :password, placeholder: "Password" %>
            <i class="lock icon"></i>
          </div>
        </div>
        <%= f.button "Login", class: "ui orange submit button" %>
      <% end %>
    </div>
    <div class="middle aligned column">
      <div class="ui big orange button">
        <i class="signup icon"></i>
        Sign Up
      </div>
    </div>
  </div>
  <div class="ui vertical divider">
    Or
  </div>
</div>

):
1:    <h1 align="Center">Welcome to MessageMe - <em>a complete Chat App</em></h1>
2:    
3:    <h4 class="ui center aligned icon header">
4:      <i class="circular orange power icon"></i>
5:      Log in to continue
6:    </h4>
7:    
8:    <div class="ui placeholder segment">
9:      <div class="ui two column very relaxed stackable grid">
10:        <div class="column">
11:          <%= form_for(:session, html: {class: "ui form", role: "form"}, url: login_path) %>
12:            <div class="field">
13:              <%= f.label :username, "Username" %>
14:              <div class="ui left icon input">
15:                <%= f.text_field :username, placeholder: "Username" %>
16:                <i class="user icon"></i>
17:              </div>
18:            </div>
19:            <div class="field">
20:              <%= f.label :password, "Password" %>
21:              <div class="ui left icon input">
22:                <%= f.password_field :password, placeholder: "Password" %>
23:                <i class="lock icon"></i>
24:              </div>
25:            </div>
26:            <%= f.button "Login", class: "ui orange submit button" %>
27:          <% end %>
28:        </div>
29:        <div class="middle aligned column">
30:          <div class="ui big orange button">
31:            <i class="signup icon"></i>
32:            Sign Up
33:          </div>
34:        </div>
35:      </div>
36:      <div class="ui vertical divider">
37:        Or
38:      </div>
39:    </div>
  
app/views/sessions/new.html.erb:42: syntax error, unexpected end, expecting end-of-input
app/views/sessions/new.html.erb:42: syntax error, unexpected end, expecting end-of-input
app/views/sessions/new.html.erb:42: syntax error, unexpected end, expecting end-of-input
app/views/sessions/new.html.erb:42: syntax error, unexpected end, expecting end-of-input
app/views/sessions/new.html.erb:42: syntax error, unexpected end, expecting end-of-input
app/views/sessions/new.html.erb:42: syntax error, unexpected end, expecting end-of-input
Started GET "/login" for ::1 at 2019-11-01 11:00:14 -0500
Processing by SessionsController#new as HTML
  Rendering sessions/new.html.erb within layouts/application
  Rendered sessions/new.html.erb within layouts/application (Duration: 1.2ms | Allocations: 1049)
Completed 500 Internal Server Error in 6ms (ActiveRecord: 0.0ms | Allocations: 2372)


  
ActionView::SyntaxErrorInTemplate (Encountered a syntax error while rendering template: check <h1 align="Center">Welcome to MessageMe - <em>a complete Chat App</em></h1>

<h4 class="ui center aligned icon header">
  <i class="circular orange power icon"></i>
  Log in to continue
</h4>

<div class="ui placeholder segment">
  <div class="ui two column very relaxed stackable grid">
    <div class="column">
      <%= form_for(:session, html: {class: "ui form", role: "form"}, url: login_path) %>
        
      <% end %>
    </div>
    <div class="middle aligned column">
      <div class="ui big orange button">
        <i class="signup icon"></i>
        Sign Up
      </div>
    </div>
  </div>
  <div class="ui vertical divider">
    Or
  </div>
</div>

):
1:    <h1 align="Center">Welcome to MessageMe - <em>a complete Chat App</em></h1>
2:    
3:    <h4 class="ui center aligned icon header">
4:      <i class="circular orange power icon"></i>
5:      Log in to continue
6:    </h4>
7:    
8:    <div class="ui placeholder segment">
9:      <div class="ui two column very relaxed stackable grid">
10:        <div class="column">
11:          <%= form_for(:session, html: {class: "ui form", role: "form"}, url: login_path) %>
12:            
13:          <% end %>
14:        </div>
15:        <div class="middle aligned column">
16:          <div class="ui big orange button">
17:            <i class="signup icon"></i>
18:            Sign Up
19:          </div>
20:        </div>
21:      </div>
22:      <div class="ui vertical divider">
23:        Or
24:      </div>
25:    </div>
  
app/views/sessions/new.html.erb:28: syntax error, unexpected end, expecting end-of-input
app/views/sessions/new.html.erb:28: syntax error, unexpected end, expecting end-of-input
app/views/sessions/new.html.erb:28: syntax error, unexpected end, expecting end-of-input
app/views/sessions/new.html.erb:28: syntax error, unexpected end, expecting end-of-input
app/views/sessions/new.html.erb:28: syntax error, unexpected end, expecting end-of-input
app/views/sessions/new.html.erb:28: syntax error, unexpected end, expecting end-of-input
Started GET "/login" for ::1 at 2019-11-01 11:00:33 -0500
Processing by SessionsController#new as HTML
  Rendering sessions/new.html.erb within layouts/application
  Rendered sessions/new.html.erb within layouts/application (Duration: 0.5ms | Allocations: 104)
  Rendered layouts/_navigation.html.erb (Duration: 0.4ms | Allocations: 231)
Completed 200 OK in 48ms (Views: 46.4ms | ActiveRecord: 0.0ms | Allocations: 55249)


Started GET "/login" for ::1 at 2019-11-01 11:02:38 -0500
Processing by SessionsController#new as HTML
  Rendering sessions/new.html.erb within layouts/application
  Rendered sessions/new.html.erb within layouts/application (Duration: 4.5ms | Allocations: 2964)
  Rendered layouts/_navigation.html.erb (Duration: 0.3ms | Allocations: 213)
Completed 200 OK in 41ms (Views: 39.5ms | ActiveRecord: 0.0ms | Allocations: 57993)


